<?xml version="1.0" encoding="UTF-8"?>
<testsuite xmlns:xsi="http://www.w3.org/2001/XMLSchema-instance" xsi:schemaLocation="https://maven.apache.org/surefire/maven-surefire-plugin/xsd/surefire-test-report.xsd" name="agenda.jdbc.dao.ContatoDaoTest" time="0.836" tests="1" errors="0" skipped="0" failures="1">
  <properties>
[...]
</properties>
  <testcase name="testAdiciona" classname="agenda.jdbc.dao.ContatoDaoTest" time="0.476">
    <failure message="expected:&lt;201&gt; but was:&lt;0&gt;" type="java.lang.AssertionError"><![CDATA[java.lang.AssertionError: expected:<201> but was:<0>
	at agenda.jdbc.dao.ContatoDaoTest.testAdiciona(ContatoDaoTest.java:60)
]]></failure>
    <system-err><![CDATA[Loading class `com.mysql.jdbc.Driver'. This is deprecated. The new driver class is `com.mysql.cj.jdbc.Driver'. The driver is automatically registered via the SPI and manual loading of the driver class is generally unnecessary.
]]></system-err>
  </testcase>
</testsuite>